0 info it worked if it ends with ok
1 verbose cli [ '/usr/local/bin/node',
1 verbose cli   '/usr/local/bin/npm',
1 verbose cli   'install',
1 verbose cli   '-g',
1 verbose cli   'gulp' ]
2 info using npm@2.15.8
3 info using node@v4.4.7
4 verbose install initial load of /usr/local/lib/package.json
5 verbose readDependencies loading dependencies from /usr/local/lib/package.json
6 silly cache add args [ 'gulp', null ]
7 verbose cache add spec gulp
8 silly cache add parsed spec Result {
8 silly cache add   raw: 'gulp',
8 silly cache add   scope: null,
8 silly cache add   name: 'gulp',
8 silly cache add   rawSpec: '',
8 silly cache add   spec: 'latest',
8 silly cache add   type: 'tag' }
9 silly addNamed gulp@latest
10 verbose addNamed "latest" is being treated as a dist-tag for gulp
11 info addNameTag [ 'gulp', 'latest' ]
12 silly mapToRegistry name gulp
13 silly mapToRegistry using default registry
14 silly mapToRegistry registry https://registry.npmjs.org/
15 silly mapToRegistry data Result {
15 silly mapToRegistry   raw: 'gulp',
15 silly mapToRegistry   scope: null,
15 silly mapToRegistry   name: 'gulp',
15 silly mapToRegistry   rawSpec: '',
15 silly mapToRegistry   spec: 'latest',
15 silly mapToRegistry   type: 'tag' }
16 silly mapToRegistry uri https://registry.npmjs.org/gulp
17 verbose addNameTag registry:https://registry.npmjs.org/gulp not in flight; fetching
18 verbose request uri https://registry.npmjs.org/gulp
19 verbose request no auth needed
20 info attempt registry request try #1 at 5:36:55 PM
21 verbose request id fa36092ba1743ec2
22 http request GET https://registry.npmjs.org/gulp
23 http 200 https://registry.npmjs.org/gulp
24 verbose headers { server: 'CouchDB/1.5.0 (Erlang OTP/R16B03)',
24 verbose headers   etag: '"8NYUKJJ6HKG86LMK8KSNZK4SZ"',
24 verbose headers   'content-type': 'application/json',
24 verbose headers   'content-encoding': 'gzip',
24 verbose headers   'cache-control': 'max-age=300',
24 verbose headers   'content-length': '18597',
24 verbose headers   'accept-ranges': 'bytes',
24 verbose headers   date: 'Thu, 28 Jul 2016 21:36:56 GMT',
24 verbose headers   via: '1.1 varnish',
24 verbose headers   age: '0',
24 verbose headers   connection: 'keep-alive',
24 verbose headers   'x-served-by': 'cache-yyz8323-YYZ',
24 verbose headers   'x-cache': 'HIT',
24 verbose headers   'x-cache-hits': '1',
24 verbose headers   'x-timer': 'S1469741815.922006,VS0,VE292',
24 verbose headers   vary: 'Accept-Encoding' }
25 silly get cb [ 200,
25 silly get   { server: 'CouchDB/1.5.0 (Erlang OTP/R16B03)',
25 silly get     etag: '"8NYUKJJ6HKG86LMK8KSNZK4SZ"',
25 silly get     'content-type': 'application/json',
25 silly get     'content-encoding': 'gzip',
25 silly get     'cache-control': 'max-age=300',
25 silly get     'content-length': '18597',
25 silly get     'accept-ranges': 'bytes',
25 silly get     date: 'Thu, 28 Jul 2016 21:36:56 GMT',
25 silly get     via: '1.1 varnish',
25 silly get     age: '0',
25 silly get     connection: 'keep-alive',
25 silly get     'x-served-by': 'cache-yyz8323-YYZ',
25 silly get     'x-cache': 'HIT',
25 silly get     'x-cache-hits': '1',
25 silly get     'x-timer': 'S1469741815.922006,VS0,VE292',
25 silly get     vary: 'Accept-Encoding' } ]
26 verbose get saving gulp to /Users/samirahafezi/.npm/registry.npmjs.org/gulp/.cache.json
27 verbose correctMkdir /Users/samirahafezi/.npm correctMkdir not in flight; initializing
28 verbose makeDirectory /Users/samirahafezi/.npm creation not in flight; initializing
29 silly makeDirectory /Users/samirahafezi/.npm uid: 501 gid: 20
30 silly addNameTag next cb for gulp with tag latest
31 silly addNamed gulp@3.9.1
32 verbose addNamed "3.9.1" is a plain semver version for gulp
33 silly mapToRegistry name gulp
34 silly mapToRegistry using default registry
35 silly mapToRegistry registry https://registry.npmjs.org/
36 silly mapToRegistry data Result {
36 silly mapToRegistry   raw: 'gulp',
36 silly mapToRegistry   scope: null,
36 silly mapToRegistry   name: 'gulp',
36 silly mapToRegistry   rawSpec: '',
36 silly mapToRegistry   spec: 'latest',
36 silly mapToRegistry   type: 'tag' }
37 silly mapToRegistry uri https://registry.npmjs.org/gulp
38 verbose addRemoteTarball https://registry.npmjs.org/gulp/-/gulp-3.9.1.tgz not in flight; adding
39 verbose addRemoteTarball [ 'https://registry.npmjs.org/gulp/-/gulp-3.9.1.tgz',
39 verbose addRemoteTarball   '571ce45928dd40af6514fc4011866016c13845b4' ]
40 info retry fetch attempt 1 at 5:36:56 PM
41 info attempt registry request try #1 at 5:36:56 PM
42 http fetch GET https://registry.npmjs.org/gulp/-/gulp-3.9.1.tgz
43 http fetch 200 https://registry.npmjs.org/gulp/-/gulp-3.9.1.tgz
44 silly fetchAndShaCheck shasum 571ce45928dd40af6514fc4011866016c13845b4
45 verbose addTmpTarball /var/folders/r_/rw6rc5pj4k3b5pvqfh_fc2dm0000gn/T/npm-1798-4bdcbefb/registry.npmjs.org/gulp/-/gulp-3.9.1.tgz not in flight; adding
46 verbose addTmpTarball already have metadata; skipping unpack for gulp@3.9.1
47 verbose correctMkdir /Users/samirahafezi/.npm correctMkdir not in flight; initializing
48 silly cache afterAdd gulp@3.9.1
49 verbose afterAdd /Users/samirahafezi/.npm/gulp/3.9.1/package/package.json not in flight; writing
50 verbose correctMkdir /Users/samirahafezi/.npm correctMkdir not in flight; initializing
51 verbose afterAdd /Users/samirahafezi/.npm/gulp/3.9.1/package/package.json written
52 silly install resolved [ { name: 'gulp',
52 silly install resolved     description: 'The streaming build system',
52 silly install resolved     version: '3.9.1',
52 silly install resolved     homepage: 'http://gulpjs.com',
52 silly install resolved     repository: { type: 'git', url: 'git+https://github.com/gulpjs/gulp.git' },
52 silly install resolved     author:
52 silly install resolved      { name: 'Fractal',
52 silly install resolved        email: 'contact@wearefractal.com',
52 silly install resolved        url: 'http://wearefractal.com/' },
52 silly install resolved     tags: [ 'build', 'stream', 'system', 'make', 'tool', 'asset', 'pipeline' ],
52 silly install resolved     files: [ 'index.js', 'lib', 'bin', 'completion', 'gulp.1' ],
52 silly install resolved     bin: { gulp: './bin/gulp.js' },
52 silly install resolved     man: [ 'gulp.1' ],
52 silly install resolved     dependencies:
52 silly install resolved      { archy: '^1.0.0',
52 silly install resolved        chalk: '^1.0.0',
52 silly install resolved        deprecated: '^0.0.1',
52 silly install resolved        'gulp-util': '^3.0.0',
52 silly install resolved        interpret: '^1.0.0',
52 silly install resolved        liftoff: '^2.1.0',
52 silly install resolved        minimist: '^1.1.0',
52 silly install resolved        orchestrator: '^0.3.0',
52 silly install resolved        'pretty-hrtime': '^1.0.0',
52 silly install resolved        semver: '^4.1.0',
52 silly install resolved        tildify: '^1.0.0',
52 silly install resolved        v8flags: '^2.0.2',
52 silly install resolved        'vinyl-fs': '^0.3.0' },
52 silly install resolved     devDependencies:
52 silly install resolved      { coveralls: '^2.7.0',
52 silly install resolved        eslint: '^1.7.3',
52 silly install resolved        'eslint-config-gulp': '^2.0.0',
52 silly install resolved        'graceful-fs': '^3.0.0',
52 silly install resolved        istanbul: '^0.3.0',
52 silly install resolved        jscs: '^2.3.5',
52 silly install resolved        'jscs-preset-gulp': '^1.0.0',
52 silly install resolved        'marked-man': '^0.1.3',
52 silly install resolved        mkdirp: '^0.5.0',
52 silly install resolved        mocha: '^2.0.1',
52 silly install resolved        'mocha-lcov-reporter': '^0.0.1',
52 silly install resolved        q: '^1.0.0',
52 silly install resolved        rimraf: '^2.2.5',
52 silly install resolved        should: '^5.0.1' },
52 silly install resolved     scripts:
52 silly install resolved      { prepublish: 'marked-man --name gulp docs/CLI.md > gulp.1',
52 silly install resolved        lint: 'eslint . && jscs *.js bin/ lib/ test/',
52 silly install resolved        pretest: 'npm run lint',
52 silly install resolved        test: 'mocha --reporter spec',
52 silly install resolved        coveralls: 'istanbul cover _mocha --report lcovonly -- -R spec && cat ./coverage/lcov.info | coveralls && rm -rf ./coverage' },
52 silly install resolved     engines: { node: '>= 0.9' },
52 silly install resolved     license: 'MIT',
52 silly install resolved     gitHead: '9c14e3a13a73a32e424f144d62566671b2fcdbed',
52 silly install resolved     bugs: { url: 'https://github.com/gulpjs/gulp/issues' },
52 silly install resolved     _id: 'gulp@3.9.1',
52 silly install resolved     _shasum: '571ce45928dd40af6514fc4011866016c13845b4',
52 silly install resolved     _from: 'gulp@latest',
52 silly install resolved     _npmVersion: '2.14.14',
52 silly install resolved     _nodeVersion: '0.10.41',
52 silly install resolved     _npmUser: { name: 'phated', email: 'blaine@iceddev.com' },
52 silly install resolved     maintainers: [ [Object], [Object] ],
52 silly install resolved     dist:
52 silly install resolved      { shasum: '571ce45928dd40af6514fc4011866016c13845b4',
52 silly install resolved        tarball: 'https://registry.npmjs.org/gulp/-/gulp-3.9.1.tgz' },
52 silly install resolved     _npmOperationalInternal:
52 silly install resolved      { host: 'packages-6-west.internal.npmjs.com',
52 silly install resolved        tmp: 'tmp/gulp-3.9.1.tgz_1454957415500_0.15343931876122952' },
52 silly install resolved     directories: {},
52 silly install resolved     _resolved: 'https://registry.npmjs.org/gulp/-/gulp-3.9.1.tgz' } ]
53 info install gulp@3.9.1 into /usr/local/lib
54 info installOne gulp@3.9.1
55 verbose installOne of gulp to /usr/local/lib not in flight; installing
56 verbose correctMkdir /Users/samirahafezi/.npm/_locks correctMkdir not in flight; initializing
57 verbose makeDirectory /Users/samirahafezi/.npm/_locks creation not in flight; initializing
58 silly makeDirectory /Users/samirahafezi/.npm/_locks uid: 501 gid: 20
59 verbose lock using /Users/samirahafezi/.npm/_locks/gulp-709d00e5d169ceb3.lock for /usr/local/lib/node_modules/gulp
60 silly install write writing gulp 3.9.1 to /usr/local/lib/node_modules/gulp
61 verbose unbuild lib/node_modules/gulp
62 silly gentlyRm /usr/local/lib/node_modules/gulp is being purged from base /usr/local
63 verbose gentlyRm don't care about contents; nuking /usr/local/lib/node_modules/gulp
64 verbose tar unpack /Users/samirahafezi/.npm/gulp/3.9.1/package.tgz
65 verbose tar unpacking to /usr/local/lib/node_modules/gulp
66 silly gentlyRm /usr/local/lib/node_modules/gulp is being purged
67 verbose gentlyRm don't care about contents; nuking /usr/local/lib/node_modules/gulp
68 silly gunzTarPerm modes [ '755', '644' ]
69 error tar.unpack untar error /Users/samirahafezi/.npm/gulp/3.9.1/package.tgz
70 verbose unlock done using /Users/samirahafezi/.npm/_locks/gulp-709d00e5d169ceb3.lock for /usr/local/lib/node_modules/gulp
71 verbose fstream_path /usr/local/lib/node_modules/gulp
72 verbose fstream_type Directory
73 verbose fstream_class DirWriter
74 verbose stack Error: EACCES: permission denied, mkdir '/usr/local/lib/node_modules/gulp'
74 verbose stack     at Error (native)
75 verbose fstream_stack /usr/local/lib/node_modules/npm/node_modules/fstream/lib/dir-writer.js:35:25
75 verbose fstream_stack /usr/local/lib/node_modules/npm/node_modules/mkdirp/index.js:47:53
75 verbose fstream_stack FSReqWrap.oncomplete (fs.js:82:15)
76 verbose cwd /Users/samirahafezi/Desktop/RubyOnRailsProjects/cabinet
77 error Darwin 15.5.0
78 error argv "/usr/local/bin/node" "/usr/local/bin/npm" "install" "-g" "gulp"
79 error node v4.4.7
80 error npm  v2.15.8
81 error path /usr/local/lib/node_modules/gulp
82 error code EACCES
83 error errno -13
84 error syscall mkdir
85 error Error: EACCES: permission denied, mkdir '/usr/local/lib/node_modules/gulp'
85 error     at Error (native)
85 error  { [Error: EACCES: permission denied, mkdir '/usr/local/lib/node_modules/gulp']
85 error   errno: -13,
85 error   code: 'EACCES',
85 error   syscall: 'mkdir',
85 error   path: '/usr/local/lib/node_modules/gulp',
85 error   fstream_type: 'Directory',
85 error   fstream_path: '/usr/local/lib/node_modules/gulp',
85 error   fstream_class: 'DirWriter',
85 error   fstream_stack:
85 error    [ '/usr/local/lib/node_modules/npm/node_modules/fstream/lib/dir-writer.js:35:25',
85 error      '/usr/local/lib/node_modules/npm/node_modules/mkdirp/index.js:47:53',
85 error      'FSReqWrap.oncomplete (fs.js:82:15)' ] }
86 error Please try running this command again as root/Administrator.
87 verbose exit [ -13, true ]
88 verbose unbuild lib/node_modules/gulp
89 silly gentlyRm /usr/local/lib/node_modules/gulp is being purged from base /usr/local
90 verbose gentlyRm don't care about contents; nuking /usr/local/lib/node_modules/gulp
